2025-12-12 17:18, success
2025-12-12 17:43, success
2025-12-12 18:30, success
2025-12-12 18:55, success
2025-12-12 19:16, success
2025-12-12 19:38, success
2025-12-12 20:21, success
2025-12-12 20:44, success
2025-12-12 21:17, success
2025-12-12 21:38, success
2025-12-12 22:18, success
2025-12-12 22:43, success
2025-12-12 23:18, success
2025-12-12 23:40, success
2025-12-13 01:22, success
2025-12-13 02:58, success
2025-12-13 03:50, success
2025-12-13 04:25, success
2025-12-13 04:46, success
2025-12-13 05:19, success
2025-12-13 05:43, success
2025-12-13 06:28, success
2025-12-13 06:52, success
2025-12-13 07:21, success
2025-12-13 07:39, success
2025-12-13 08:23, success
2025-12-13 08:46, success
2025-12-13 09:18, success
2025-12-13 09:39, success
2025-12-13 10:18, success
2025-12-13 10:42, success
2025-12-13 11:15, success
2025-12-13 11:37, success
2025-12-13 12:35, success
2025-12-13 13:26, success
2025-12-13 13:43, success
2025-12-13 14:16, success
2025-12-13 14:40, success
2025-12-13 15:17, success
2025-12-13 15:39, success
2025-12-13 16:21, success
2025-12-13 16:46, success
2025-12-13 17:16, success
2025-12-13 17:38, success
2025-12-13 18:24, success
2025-12-13 18:47, success
2025-12-13 19:14, success
2025-12-13 19:37, success
2025-12-13 20:19, success
2025-12-13 20:41, success
2025-12-13 21:16, success
2025-12-13 21:38, success
2025-12-13 22:17, success
2025-12-13 22:41, success
2025-12-13 23:17, success
2025-12-13 23:38, success
2025-12-14 01:41, success
2025-12-14 04:12, success
2025-12-14 04:53, success
2025-12-14 05:18, success
2025-12-14 05:43, success
2025-12-14 06:28, success
2025-12-14 06:52, success
2025-12-14 07:18, success
2025-12-14 07:38, success
2025-12-14 08:24, success
2025-12-14 08:47, success
2025-12-14 09:18, success
2025-12-14 09:40, success
2025-12-14 10:18, success
2025-12-14 10:43, success
2025-12-14 11:15, success
2025-12-14 11:36, success
2025-12-14 12:36, success
2025-12-14 13:26, success
2025-12-14 13:43, success
2025-12-14 14:17, success
2025-12-14 14:40, success
2025-12-14 15:17, success
2025-12-14 15:39, success
2025-12-14 16:21, success
2025-12-14 16:46, success
2025-12-14 17:16, success
2025-12-14 17:39, success
2025-12-14 18:26, success
2025-12-14 18:49, success
2025-12-14 19:14, success
2025-12-14 19:37, success
2025-12-14 20:20, success
2025-12-14 20:42, success
2025-12-14 21:17, success
2025-12-14 21:38, success
2025-12-14 22:17, success
2025-12-14 22:41, success
2025-12-14 23:17, success
2025-12-14 23:38, success
2025-12-15 01:39, success
2025-12-15 03:29, success
2025-12-15 04:28, success
2025-12-15 04:58, success
2025-12-15 05:31, success
2025-12-15 06:33, success
2025-12-15 07:23, success
2025-12-15 07:44, success
2025-12-15 08:30, success
2025-12-15 08:58, success
2025-12-15 09:38, success
2025-12-15 10:24, success
2025-12-15 10:51, success
2025-12-15 11:18, success
2025-12-15 11:41, success
2025-12-15 12:43, success
2025-12-15 13:39, success
2025-12-15 14:24, success
2025-12-15 14:53, success
2025-12-15 15:23, success
2025-12-15 15:48, success
2025-12-15 16:29, success
2025-12-15 16:58, success
2025-12-15 17:29, success
2025-12-15 17:50, success
2025-12-15 18:30, success
2025-12-15 18:57, success
2025-12-15 19:20, success
2025-12-15 19:40, success
2025-12-15 20:22, success
2025-12-15 20:46, success
2025-12-15 21:18, success
2025-12-15 21:42, success
2025-12-15 22:19, success
2025-12-15 22:44, success
2025-12-15 23:19, success
2025-12-15 23:40, success
2025-12-16 01:28, success
2025-12-16 03:12, success
2025-12-16 04:09, success
2025-12-16 04:54, success
2025-12-16 05:21, success
2025-12-16 05:46, success
2025-12-16 06:31, success
2025-12-16 07:22, success
2025-12-16 07:44, success
2025-12-16 08:28, success
2025-12-16 08:55, success
2025-12-16 09:25, success
2025-12-16 09:48, success
2025-12-16 10:23, success
2025-12-16 10:49, success
2025-12-16 11:18, success
2025-12-16 11:40, success
2025-12-16 12:41, success
2025-12-16 13:37, success
2025-12-16 14:22, success
2025-12-16 14:51, success
2025-12-16 15:23, success
2025-12-16 15:48, success
2025-12-16 16:27, success
2025-12-16 16:56, success
2025-12-16 17:23, success
2025-12-16 17:47, success
2025-12-16 18:30, success
2025-12-16 18:56, success
2025-12-16 19:19, success
2025-12-16 19:39, success
2025-12-16 20:22, success
2025-12-16 20:45, success
2025-12-16 21:19, success
2025-12-16 21:42, success
2025-12-16 22:18, success
2025-12-16 22:42, success
2025-12-16 23:18, success
2025-12-16 23:40, success
2025-12-17 01:23, success
2025-12-17 03:06, success
2025-12-17 04:05, success
2025-12-17 04:52, success
2025-12-17 05:21, success
2025-12-17 05:46, success
2025-12-17 06:31, success
2025-12-17 07:21, success
2025-12-17 07:43, success
2025-12-17 08:28, success
2025-12-17 08:56, success
2025-12-17 09:27, success
2025-12-17 09:49, success
2025-12-17 10:23, success
2025-12-17 10:48, success
2025-12-17 11:18, success
2025-12-17 11:41, success
2025-12-17 12:41, success
2025-12-17 13:33, success
2025-12-17 14:21, success
2025-12-17 14:49, success
2025-12-17 15:22, success
2025-12-17 15:47, success
2025-12-17 16:26, success
2025-12-17 16:55, success
2025-12-17 17:22, success
2025-12-17 17:46, success
2025-12-17 18:30, success
2025-12-17 18:57, success
2025-12-17 19:20, success
2025-12-17 19:39, success
2025-12-17 20:22, success
2025-12-17 20:45, success
2025-12-17 21:19, success
2025-12-17 21:42, success
2025-12-17 22:18, success
2025-12-17 22:44, success
2025-12-17 23:18, success
2025-12-17 23:41, success
2025-12-18 01:24, success
2025-12-18 03:07, success
2025-12-18 04:07, success
2025-12-18 04:54, success
2025-12-18 05:21, success
2025-12-18 05:46, success
2025-12-18 06:31, success
2025-12-18 07:21, success
2025-12-18 07:43, success
2025-12-18 08:28, success
2025-12-18 08:54, success
2025-12-18 09:26, success
2025-12-18 09:49, success
2025-12-18 10:22, success
2025-12-18 10:48, success
2025-12-18 11:18, success
2025-12-18 11:40, success
2025-12-18 12:40, success
2025-12-18 13:35, success
2025-12-18 14:21, success
2025-12-18 14:48, success
2025-12-18 15:21, success
2025-12-18 15:45, success
2025-12-18 16:28, success
2025-12-18 16:55, success
2025-12-18 17:22, success
2025-12-18 17:47, success
2025-12-18 18:29, success
2025-12-18 18:56, success
2025-12-18 19:17, success
2025-12-18 19:37, success
2025-12-18 20:19, success
2025-12-18 20:41, success
2025-12-18 21:17, success
2025-12-18 21:38, success
2025-12-18 22:18, success
2025-12-18 22:43, success
2025-12-18 23:18, success
2025-12-18 23:40, success
2025-12-19 01:27, success
2025-12-19 03:11, success
2025-12-19 04:08, success
2025-12-19 04:54, success
2025-12-19 05:20, success
2025-12-19 05:45, success
2025-12-19 06:30, success
2025-12-19 06:56, success
2025-12-19 07:21, success
2025-12-19 07:41, success
2025-12-19 08:28, success
2025-12-19 08:53, success
2025-12-19 09:22, success
2025-12-19 09:46, success
2025-12-19 10:21, success
2025-12-19 10:47, success
2025-12-19 11:17, success
2025-12-19 11:39, success
2025-12-19 12:38, success
2025-12-19 13:32, success
2025-12-19 14:19, success
2025-12-19 14:46, success
2025-12-19 15:20, success
2025-12-19 15:44, success
2025-12-19 16:24, success
2025-12-19 16:50, success
2025-12-19 17:18, success
2025-12-19 17:39, success
2025-12-19 18:28, success
2025-12-19 18:53, success
2025-12-19 19:16, success
2025-12-19 19:38, success
2025-12-19 20:21, success
2025-12-19 20:43, success
2025-12-19 21:18, success
2025-12-19 21:39, success
2025-12-19 22:19, success
2025-12-19 22:43, success
2025-12-19 23:18, success
2025-12-19 23:40, success
2025-12-20 01:23, success
2025-12-20 02:57, success
2025-12-20 03:50, success
2025-12-20 04:25, success
2025-12-20 04:47, success
2025-12-20 05:19, success
2025-12-20 05:48, success
2025-12-20 06:28, success
2025-12-20 06:52, success
2025-12-20 07:17, success
2025-12-20 07:38, success
2025-12-20 08:23, success
2025-12-20 08:46, success
2025-12-20 09:18, success
2025-12-20 09:39, success
2025-12-20 10:18, success
2025-12-20 10:42, success
2025-12-20 11:15, success
2025-12-20 11:36, success
2025-12-20 12:35, success
2025-12-20 13:26, success
2025-12-20 13:43, success
2025-12-20 14:17, success
2025-12-20 14:40, success
2025-12-20 15:17, success
2025-12-20 15:39, success
2025-12-20 16:22, success
2025-12-20 16:45, success
2025-12-20 17:15, success
2025-12-20 17:39, success
2025-12-20 18:24, success
2025-12-20 18:47, success
2025-12-20 19:14, success
2025-12-20 19:36, success
2025-12-20 20:19, success
2025-12-20 20:40, success
2025-12-20 21:15, success
2025-12-20 21:37, success
2025-12-20 22:17, success
2025-12-20 22:41, success
2025-12-20 23:17, success
2025-12-20 23:38, success
2025-12-21 01:41, success
2025-12-21 03:28, success
2025-12-21 04:23, success
2025-12-21 04:53, success
2025-12-21 05:19, success
2025-12-21 05:44, success
2025-12-21 06:28, success
2025-12-21 06:53, success
2025-12-21 07:18, success
2025-12-21 07:38, success
2025-12-21 08:24, success
2025-12-21 08:47, success
2025-12-21 09:19, success
2025-12-21 09:40, success
2025-12-21 10:19, success
2025-12-21 10:43, success
2025-12-21 11:15, success
2025-12-21 11:38, success
2025-12-21 12:36, success
2025-12-21 13:26, success
2025-12-21 13:45, success
2025-12-21 14:17, success
2025-12-21 14:41, success
2025-12-21 15:17, success
2025-12-21 15:39, success
2025-12-21 16:22, success
2025-12-21 16:46, success
2025-12-21 17:16, success
2025-12-21 17:40, success
2025-12-21 18:26, success
2025-12-21 18:49, success
2025-12-21 19:14, success
2025-12-21 19:37, success
2025-12-21 20:20, success
2025-12-21 20:42, success
2025-12-21 21:17, success
2025-12-21 21:38, success
2025-12-21 22:18, success
2025-12-21 22:42, success
2025-12-21 23:17, success
2025-12-21 23:39, success
2025-12-22 01:41, success
2025-12-22 03:41, success
2025-12-22 04:39, success
2025-12-22 05:23, success
2025-12-22 05:47, success
2025-12-22 06:32, success
2025-12-22 07:22, success
2025-12-22 07:44, success
2025-12-22 08:28, success
2025-12-22 08:55, success
2025-12-22 09:27, success
2025-12-22 09:50, success
2025-12-22 10:21, success
2025-12-22 10:47, success
2025-12-22 11:17, success
2025-12-22 11:39, success
2025-12-22 12:40, success
2025-12-22 13:33, success
2025-12-22 14:20, success
2025-12-22 14:45, success
2025-12-22 15:21, success
2025-12-22 15:44, success
2025-12-22 16:24, success
2025-12-22 16:50, success
2025-12-22 17:17, success
2025-12-22 17:42, success
2025-12-22 18:28, success
2025-12-22 18:54, success
2025-12-22 19:16, success
2025-12-22 19:37, success
2025-12-22 20:21, success
2025-12-22 20:44, success
2025-12-22 21:17, success
2025-12-22 21:40, success
2025-12-22 22:19, success
2025-12-22 22:44, success
2025-12-22 23:18, success
2025-12-22 23:40, success
2025-12-23 01:27, success
2025-12-23 03:14, success
2025-12-23 04:11, success
2025-12-23 04:55, success
2025-12-23 05:23, success
2025-12-23 05:47, success
2025-12-23 06:31, success
2025-12-23 07:22, success
2025-12-23 07:43, success
2025-12-23 08:28, success
2025-12-23 08:54, success
2025-12-23 09:24, success
2025-12-23 09:46, success
2025-12-23 10:22, success
2025-12-23 10:47, success
2025-12-23 11:17, success
2025-12-23 11:40, success
2025-12-23 12:40, success
2025-12-23 13:35, success
2025-12-23 14:19, success
2025-12-23 14:46, success
2025-12-23 15:20, success
2025-12-23 15:44, success
2025-12-23 16:25, success
2025-12-23 16:51, success
2025-12-23 17:19, success
2025-12-23 17:44, success
2025-12-23 18:28, success
2025-12-23 18:54, success
2025-12-23 19:17, success
2025-12-23 19:37, success
2025-12-23 20:21, success
2025-12-23 20:43, success
2025-12-23 21:18, success
2025-12-23 21:40, success
2025-12-23 22:18, success
2025-12-23 22:43, success
2025-12-23 23:18, success
2025-12-23 23:40, success
2025-12-24 01:26, success
2025-12-24 03:10, success
2025-12-24 04:10, success
2025-12-24 04:55, success
2025-12-24 05:22, success
2025-12-24 05:47, success
2025-12-24 06:31, success
2025-12-24 07:22, success
2025-12-24 07:44, success
2025-12-24 08:28, success
2025-12-24 08:54, success
2025-12-24 09:23, success
2025-12-24 09:45, success
2025-12-24 10:20, success
2025-12-24 10:45, success
2025-12-24 11:17, success
2025-12-24 11:39, success
2025-12-24 12:40, success
2025-12-24 13:31, success
2025-12-24 14:18, success
2025-12-24 14:43, success
2025-12-24 15:20, success
2025-12-24 15:42, success
2025-12-24 16:24, success
2025-12-24 16:48, success
2025-12-24 17:16, success
2025-12-24 17:41, success
2025-12-24 18:28, success
2025-12-24 18:52, success
2025-12-24 19:15, success
2025-12-24 19:37, success
2025-12-24 20:20, success
2025-12-24 20:43, success
2025-12-24 21:17, success
2025-12-24 21:39, success
2025-12-24 22:18, success
2025-12-24 22:43, success
2025-12-24 23:18, success
2025-12-24 23:40, success
2025-12-25 01:27, success
2025-12-25 03:14, success
2025-12-25 04:12, success
2025-12-25 04:55, success
2025-12-25 05:23, success
2025-12-25 05:47, success
2025-12-25 06:31, success
2025-12-25 07:20, success
2025-12-25 07:42, success
2025-12-25 08:27, success
2025-12-25 08:51, success
2025-12-25 09:21, success
2025-12-25 09:44, success
2025-12-25 10:20, success
2025-12-25 10:45, success
2025-12-25 11:17, success
2025-12-25 11:38, success
2025-12-25 12:38, success
2025-12-25 13:31, success
2025-12-25 14:18, success
2025-12-25 14:44, success
2025-12-25 15:19, success
2025-12-25 15:41, success
2025-12-25 16:24, success
2025-12-25 16:48, success
2025-12-25 17:17, success
2025-12-25 17:41, success
2025-12-25 18:27, success
2025-12-25 18:52, success
2025-12-25 19:15, success
2025-12-25 19:37, success
2025-12-25 20:21, success
2025-12-25 20:43, success
2025-12-25 21:18, success
2025-12-25 21:39, success
2025-12-25 22:18, success
2025-12-25 22:43, success
2025-12-25 23:18, success
2025-12-25 23:40, success
2025-12-26 01:27, success
2025-12-26 03:12, success
2025-12-26 04:10, success
2025-12-26 04:54, success
2025-12-26 05:20, success
2025-12-26 05:46, success
2025-12-26 06:30, success
2025-12-26 06:56, success
2025-12-26 07:23, success
2025-12-26 07:42, success
2025-12-26 08:27, success
2025-12-26 08:51, success
2025-12-26 09:21, success
2025-12-26 09:44, success
2025-12-26 10:20, success
2025-12-26 10:45, success
2025-12-26 11:17, success
2025-12-26 12:39, success
2025-12-26 13:31, success
2025-12-26 14:18, success
2025-12-26 14:44, success
2025-12-26 15:19, success
2025-12-26 15:42, success
2025-12-26 16:22, success
2025-12-26 16:46, success
2025-12-26 17:16, success
2025-12-26 17:40, success
2025-12-26 18:28, success
2025-12-26 18:52, success
2025-12-26 19:15, success
2025-12-26 19:37, success
2025-12-26 20:20, success
2025-12-26 20:42, success
2025-12-26 21:17, success
2025-12-26 21:39, success
2025-12-26 22:18, success
2025-12-26 22:43, success
2025-12-26 23:18, success
2025-12-26 23:40, success
2025-12-27 01:25, success
2025-12-27 03:08, success
2025-12-27 04:06, success
2025-12-27 04:52, success
2025-12-27 05:20, success
2025-12-27 05:44, success
2025-12-27 06:28, success
2025-12-27 06:54, success
2025-12-27 07:18, success
2025-12-27 07:38, success
2025-12-27 08:24, success
2025-12-27 08:48, success
2025-12-27 09:19, success
2025-12-27 09:41, success
2025-12-27 10:19, success
2025-12-27 10:43, success
2025-12-27 11:15, success
2025-12-27 11:37, success
2025-12-27 12:36, success
2025-12-27 13:27, success
2025-12-27 13:45, success
2025-12-27 14:17, success
2025-12-27 14:41, success
2025-12-27 15:17, success
2025-12-27 15:40, success
2025-12-27 16:22, success
2025-12-27 16:46, success
2025-12-27 17:16, success
2025-12-27 17:39, success
2025-12-27 18:26, success
2025-12-27 18:50, success
2025-12-27 19:14, success
2025-12-27 19:37, success
2025-12-27 20:20, success
2025-12-27 20:43, success
2025-12-27 21:16, success
2025-12-27 21:39, success
2025-12-27 22:18, success
2025-12-27 22:42, success
2025-12-27 23:18, success
2025-12-27 23:40, success
2025-12-28 01:46, success
2025-12-28 03:46, success
2025-12-28 04:43, success
2025-12-28 05:22, success
2025-12-28 05:46, success
2025-12-28 06:29, success
2025-12-28 06:55, success
2025-12-28 07:19, success
2025-12-28 07:40, success
2025-12-28 08:24, success
2025-12-28 08:48, success
2025-12-28 09:19, success
2025-12-28 09:41, success
2025-12-28 10:19, success
2025-12-28 10:44, success
2025-12-28 11:16, success
2025-12-28 11:38, success
2025-12-28 12:37, success
2025-12-28 13:28, success
2025-12-28 13:47, success
2025-12-28 14:18, success
2025-12-28 14:42, success
2025-12-28 15:18, success
2025-12-28 15:40, success
2025-12-28 16:23, success
2025-12-28 16:48, success
2025-12-28 17:16, success
2025-12-28 17:41, success
2025-12-28 18:27, success
2025-12-28 18:51, success
2025-12-28 19:15, success
2025-12-28 19:37, success
2025-12-28 20:21, success
2025-12-28 20:43, success
2025-12-28 21:17, success
2025-12-28 21:39, success
2025-12-28 22:18, success
2025-12-28 22:43, success
2025-12-28 23:18, success
2025-12-28 23:40, success
2025-12-29 01:44, success
2025-12-29 03:48, success
2025-12-29 04:47, success
2025-12-29 05:27, success
2025-12-29 05:51, success
2025-12-29 06:32, success
2025-12-29 07:24, success
2025-12-29 07:45, success
2025-12-29 08:29, success
2025-12-29 08:57, success
2025-12-29 09:32, success
2025-12-29 10:22, success
2025-12-29 10:48, success
2025-12-29 11:18, success
2025-12-29 11:40, success
2025-12-29 12:41, success
2025-12-29 13:36, success
2025-12-29 14:20, success
2025-12-29 14:47, success
2025-12-29 15:21, success
2025-12-29 15:44, success
2025-12-29 16:24, success
2025-12-29 16:50, success
2025-12-29 17:17, success
2025-12-29 17:42, success
2025-12-29 18:29, success
2025-12-29 18:53, success
2025-12-29 19:16, success
2025-12-29 19:38, success
2025-12-29 20:22, success
2025-12-29 20:45, success
2025-12-29 21:17, success
2025-12-29 21:40, success
2025-12-29 22:18, success
2025-12-29 22:43, success
2025-12-29 23:18, success
2025-12-29 23:41, success
2025-12-30 01:27, success
2025-12-30 03:15, success
2025-12-30 04:13, success
2025-12-30 04:57, success
2025-12-30 05:25, success
2025-12-30 05:46, success
2025-12-30 06:31, success
2025-12-30 07:21, success
2025-12-30 07:43, success
2025-12-30 08:27, success
2025-12-30 08:54, success
2025-12-30 09:24, success
2025-12-30 09:46, success
2025-12-30 10:21, success
2025-12-30 10:47, success
2025-12-30 11:18, success
2025-12-30 11:40, success
2025-12-30 12:41, success
2025-12-30 13:35, success
2025-12-30 14:19, success
2025-12-30 14:46, success
2025-12-30 15:21, success
2025-12-30 15:44, success
2025-12-30 16:25, success
2025-12-30 16:51, success
2025-12-30 17:19, success
2025-12-30 17:45, success
2025-12-30 18:29, success
2025-12-30 18:55, success
2025-12-30 19:16, success
2025-12-30 19:38, success
2025-12-30 20:21, success
2025-12-30 20:44, success
2025-12-30 21:18, success
2025-12-30 21:40, success
2025-12-30 22:19, success
2025-12-30 22:44, success
2025-12-30 23:17, success
2025-12-30 23:40, success
2025-12-31 01:29, success
2025-12-31 03:15, success
2025-12-31 04:12, success
2025-12-31 04:56, success
2025-12-31 05:24, success
2025-12-31 05:48, success
2025-12-31 06:31, success
2025-12-31 07:22, success
2025-12-31 07:43, success
2025-12-31 08:28, success
2025-12-31 08:53, success
2025-12-31 09:23, success
2025-12-31 09:46, success
2025-12-31 10:21, success
2025-12-31 10:46, success
2025-12-31 11:18, success
2025-12-31 11:39, success
2025-12-31 12:40, success
2025-12-31 13:32, success
2025-12-31 14:19, success
2025-12-31 14:44, success
2025-12-31 15:19, success
2025-12-31 15:42, success
2025-12-31 16:24, success
2025-12-31 16:49, success
2025-12-31 17:17, success
2025-12-31 17:41, success
2025-12-31 18:28, success
2025-12-31 18:52, success
2025-12-31 19:15, success
2025-12-31 19:37, success
2025-12-31 20:21, success
2025-12-31 20:43, success
2025-12-31 21:17, success
2025-12-31 21:40, success
2025-12-31 22:19, success
2025-12-31 22:44, success
2025-12-31 23:18, success
2025-12-31 23:41, success
2026-01-01 01:47, success
2026-01-01 03:49, success
2026-01-01 04:46, success
2026-01-01 05:26, success
2026-01-01 05:49, success
2026-01-01 06:31, success
2026-01-01 07:21, success
2026-01-01 07:43, success
2026-01-01 08:27, success
2026-01-01 08:53, success
2026-01-01 09:23, success
2026-01-01 09:46, success
2026-01-01 10:21, success
2026-01-01 10:46, success
2026-01-01 11:17, success
2026-01-01 11:39, success
2026-01-01 12:39, success
2026-01-01 13:32, success
2026-01-01 14:18, success
2026-01-01 14:44, success
2026-01-01 15:20, success
2026-01-01 15:42, success
2026-01-01 16:25, success
2026-01-01 17:18, success
2026-01-01 17:43, success
2026-01-01 18:28, success
2026-01-01 18:53, success
2026-01-01 19:16, success
2026-01-01 19:37, success
2026-01-01 20:22, success
2026-01-01 20:44, success
2026-01-01 21:18, success
2026-01-01 21:40, success
2026-01-01 22:19, success
2026-01-01 22:44, success
2026-01-01 23:19, success
2026-01-01 23:41, success
2026-01-02 01:39, success
2026-01-02 03:29, success
2026-01-02 04:27, success
2026-01-02 04:59, success
2026-01-02 06:32, success
2026-01-02 07:22, success
2026-01-02 07:43, success
2026-01-02 08:27, success
2026-01-02 08:53, success
2026-01-02 09:23, success
2026-01-02 09:46, success
2026-01-02 10:20, success
2026-01-02 10:45, success
2026-01-02 11:17, success
2026-01-02 11:38, success
2026-01-02 12:39, success
2026-01-02 13:32, success
2026-01-02 14:19, success
2026-01-02 14:45, success
2026-01-02 15:20, success
2026-01-02 15:43, success
2026-01-02 16:23, success
2026-01-02 16:49, success
2026-01-02 17:17, success
2026-01-02 17:41, success
2026-01-02 18:28, success
2026-01-02 18:53, success
2026-01-02 19:13, success
2026-01-02 19:38, success
2026-01-02 20:21, success
2026-01-02 20:44, success
2026-01-02 21:15, success
2026-01-02 22:19, success
2026-01-02 22:44, success
2026-01-02 23:18, success
2026-01-02 23:39, success
2026-01-03 01:24, success
2026-01-03 03:07, success
2026-01-03 04:06, success
2026-01-03 04:52, success
2026-01-03 05:20, success
2026-01-03 05:45, success
2026-01-03 06:29, success
2026-01-03 06:55, success
2026-01-03 07:18, success
2026-01-03 07:39, success
2026-01-03 08:25, success
2026-01-03 08:49, success
2026-01-03 09:19, success
2026-01-03 09:41, success
2026-01-03 10:19, success
2026-01-03 10:44, success
2026-01-03 11:16, success
2026-01-03 11:37, success
2026-01-03 12:37, success
2026-01-03 13:28, success
2026-01-03 13:47, success
2026-01-03 14:17, success
2026-01-03 14:42, success
2026-01-03 15:18, success
2026-01-03 15:40, success
2026-01-03 16:23, success
2026-01-03 16:47, success
2026-01-03 17:16, success
2026-01-03 17:40, success
2026-01-03 18:26, success
2026-01-03 18:51, success
2026-01-03 19:14, success
2026-01-03 19:37, success
2026-01-03 20:20, success
2026-01-03 20:43, success
2026-01-03 21:17, success
2026-01-03 21:39, success
2026-01-03 22:18, success
2026-01-03 22:43, success
2026-01-03 23:18, success
2026-01-03 23:40, success
2026-01-04 01:47, success
2026-01-04 04:47, success
2026-01-04 05:24, success
2026-01-04 05:48, success
2026-01-04 06:29, success
2026-01-04 06:56, success
2026-01-04 07:20, success
2026-01-04 07:41, success
2026-01-04 08:26, success
2026-01-04 08:49, success
2026-01-04 09:18, success
2026-01-04 09:40, success
2026-01-04 10:19, success
2026-01-04 10:43, success
2026-01-04 11:15, success
2026-01-04 11:37, success
2026-01-04 12:37, success
2026-01-04 13:28, success
2026-01-04 13:47, success
2026-01-04 14:17, success
2026-01-04 14:41, success
2026-01-04 15:18, success
2026-01-04 15:40, success
2026-01-04 16:22, success
2026-01-04 16:47, success
2026-01-04 17:16, success
2026-01-04 17:41, success
2026-01-04 18:27, success
2026-01-04 18:51, success
2026-01-04 19:15, success
2026-01-04 19:37, success
2026-01-04 20:21, success
2026-01-04 20:44, success
2026-01-04 21:17, success
2026-01-04 21:39, success
2026-01-04 22:18, success
2026-01-04 22:43, success
2026-01-04 23:18, success
2026-01-04 23:40, success
2026-01-05 01:47, success
2026-01-05 03:54, success
2026-01-05 04:56, success
2026-01-05 05:35, success
2026-01-05 06:36, success
2026-01-05 07:27, success
2026-01-05 07:49, success
2026-01-05 08:31, success
2026-01-05 09:30, success
2026-01-05 09:55, success
2026-01-05 10:23, success
2026-01-05 10:51, success
2026-01-05 11:18, success
2026-01-05 11:42, success
2026-01-05 12:43, success
2026-01-05 13:39, success
2026-01-05 14:23, success
2026-01-05 14:51, success
2026-01-05 15:22, success
2026-01-05 15:47, success
2026-01-05 16:25, success
2026-01-05 16:51, success
2026-01-05 17:21, success
2026-01-05 17:47, success
2026-01-05 18:30, success
2026-01-05 18:57, success
2026-01-05 19:23, success
2026-01-05 19:40, success
2026-01-05 20:24, success
2026-01-05 20:46, success
2026-01-05 21:19, success
2026-01-05 21:43, success
2026-01-05 22:19, success
2026-01-05 22:46, success
2026-01-05 23:19, success
2026-01-05 23:41, success
2026-01-06 01:39, success
2026-01-06 03:28, success
2026-01-06 04:25, success
2026-01-06 04:57, success
2026-01-06 05:27, success
2026-01-06 05:49, success
2026-01-06 06:32, success
2026-01-06 07:25, success
2026-01-06 07:46, success
2026-01-06 08:28, success
2026-01-06 08:56, success
2026-01-06 09:27, success
2026-01-06 09:49, success
2026-01-06 10:22, success
2026-01-06 10:49, success
2026-01-06 11:18, success
2026-01-06 11:40, success
2026-01-06 12:41, success
2026-01-06 13:36, success
2026-01-06 14:21, success
2026-01-06 14:49, success
2026-01-06 15:21, success
2026-01-06 15:46, success
2026-01-06 16:27, success
2026-01-06 16:56, success
2026-01-06 17:22, success
2026-01-06 17:47, success
2026-01-06 18:29, success
2026-01-06 18:54, success
2026-01-06 19:15, success
2026-01-06 19:39, success
2026-01-06 20:22, success
2026-01-06 20:45, success
2026-01-06 21:20, success
2026-01-06 21:42, success
2026-01-06 22:20, success
2026-01-06 22:46, success
2026-01-06 23:19, success
2026-01-06 23:41, success
2026-01-07 01:39, success
2026-01-07 03:28, success
2026-01-07 04:26, success
2026-01-07 04:58, success
2026-01-07 05:31, success
2026-01-07 06:31, success
2026-01-07 07:24, success
2026-01-07 07:46, success
2026-01-07 08:28, success
2026-01-07 08:57, success
2026-01-07 09:30, success
2026-01-07 09:52, success
2026-01-07 10:23, success
2026-01-07 10:49, success
2026-01-07 11:19, success
2026-01-07 11:41, success
2026-01-07 12:42, success
2026-01-07 13:38, success
2026-01-07 14:23, success
2026-01-07 14:50, success
2026-01-07 15:23, success
2026-01-07 15:49, success
2026-01-07 16:29, success
2026-01-07 16:58, success
2026-01-07 17:30, success
2026-01-07 17:52, success
2026-01-07 18:31, success
2026-01-07 19:19, success
2026-01-07 19:41, success
2026-01-07 20:23, success
2026-01-07 20:48, success
2026-01-07 21:19, success
2026-01-07 21:42, success
2026-01-07 22:19, success
2026-01-07 22:45, success
2026-01-07 23:20, success
2026-01-07 23:41, success
2026-01-08 01:39, success
2026-01-08 03:28, success
2026-01-08 04:25, success
2026-01-08 04:57, success
2026-01-08 05:27, success
2026-01-08 05:49, success
2026-01-08 06:32, success
2026-01-08 07:23, success
2026-01-08 07:44, success
2026-01-08 08:29, success
2026-01-08 08:57, success
2026-01-08 09:30, success
2026-01-08 09:52, success
2026-01-08 10:22, success
2026-01-08 10:50, success
2026-01-08 11:20, success
2026-01-08 11:42, success
2026-01-08 12:42, success
2026-01-08 13:39, success
2026-01-08 14:24, success
2026-01-08 14:52, success
2026-01-08 15:24, success
2026-01-08 15:49, success
2026-01-08 16:28, success
2026-01-08 16:58, success
2026-01-08 17:31, success
2026-01-08 18:27, success
2026-01-08 18:54, success
2026-01-08 19:18, success
2026-01-08 19:40, success
2026-01-08 20:23, success
2026-01-08 20:46, success
2026-01-08 21:19, success
2026-01-08 21:43, success
2026-01-08 22:20, success
2026-01-08 22:46, success
2026-01-08 23:17, success
2026-01-08 23:39, success
2026-01-09 01:39, success
2026-01-09 03:38, success
2026-01-09 04:39, success
2026-01-09 05:24, success
2026-01-09 05:49, success
2026-01-09 06:32, success
2026-01-09 07:24, success
2026-01-09 07:45, success
2026-01-09 08:28, success
2026-01-09 08:56, success
2026-01-09 09:29, success
2026-01-09 09:52, success
2026-01-09 10:21, success
2026-01-09 10:49, success
2026-01-09 11:18, success
2026-01-09 11:41, success
2026-01-09 12:41, success
2026-01-09 13:37, success
2026-01-09 14:23, success
2026-01-09 14:49, success
2026-01-09 15:22, success
2026-01-09 15:46, success
2026-01-09 16:26, success
2026-01-09 16:54, success
2026-01-09 17:22, success
2026-01-09 17:46, success
2026-01-09 18:30, success
2026-01-09 18:57, success
2026-01-09 19:22, success
2026-01-09 19:40, success
2026-01-09 20:22, success
2026-01-09 20:45, success
2026-01-09 21:19, success
2026-01-09 21:42, success
2026-01-09 22:19, success
2026-01-09 22:45, success
2026-01-09 23:19, success
2026-01-09 23:41, success
2026-01-10 01:27, success
2026-01-10 03:10, success
2026-01-10 04:08, success
2026-01-10 05:20, success
2026-01-10 05:44, success
2026-01-10 06:29, success
2026-01-10 06:54, success
2026-01-10 07:18, success
2026-01-10 07:39, success
2026-01-10 08:24, success
2026-01-10 08:48, success
2026-01-10 09:19, success
2026-01-10 09:41, success
2026-01-10 10:19, success
2026-01-10 10:44, success
2026-01-10 11:16, success
2026-01-10 11:38, success
2026-01-10 12:37, success
2026-01-10 13:28, success
2026-01-10 13:47, success
2026-01-10 14:18, success
2026-01-10 14:42, success
2026-01-10 15:18, success
2026-01-10 15:40, success
2026-01-10 16:22, success
2026-01-10 16:47, success
2026-01-10 17:16, success
2026-01-10 17:40, success
2026-01-10 18:27, success
2026-01-10 19:15, success
2026-01-10 19:37, success
2026-01-10 20:20, success
2026-01-10 20:42, success
2026-01-10 21:17, success
2026-01-10 21:39, success
2026-01-10 22:18, success
2026-01-10 22:43, success
2026-01-10 23:18, success
2026-01-10 23:40, success
2026-01-11 01:47, success
2026-01-11 03:49, success
2026-01-11 04:46, success
2026-01-11 05:24, success
2026-01-11 05:47, success
2026-01-11 06:29, success
2026-01-11 06:56, success
2026-01-11 07:21, success
2026-01-11 07:41, success
2026-01-11 08:25, success
2026-01-11 08:48, success
2026-01-11 09:19, success
2026-01-11 09:42, success
2026-01-11 10:20, success
2026-01-11 10:45, success
2026-01-11 11:16, success
2026-01-11 11:38, success
2026-01-11 12:38, success
2026-01-11 13:29, success
2026-01-11 13:48, success
2026-01-11 14:18, success
2026-01-11 14:43, success
2026-01-11 15:18, success
2026-01-11 15:41, success
2026-01-11 16:22, success
2026-01-11 16:47, success
2026-01-11 17:16, success
2026-01-11 17:41, success
2026-01-11 18:27, success
2026-01-11 18:51, success
2026-01-11 19:15, success
2026-01-11 19:37, success
2026-01-11 20:21, success
2026-01-11 20:44, success
2026-01-11 21:17, success
2026-01-11 21:39, success
2026-01-11 22:19, success
2026-01-11 22:43, success
2026-01-11 23:18, success
2026-01-11 23:40, success
2026-01-12 01:44, success
2026-01-12 03:48, success
2026-01-12 04:49, success
2026-01-12 05:28, success
2026-01-12 05:54, success
2026-01-12 06:35, success
2026-01-12 07:26, success
2026-01-12 07:47, success
2026-01-12 08:30, success
2026-01-12 08:59, success
2026-01-12 09:41, success
2026-01-12 10:24, success
2026-01-12 10:50, success
2026-01-12 11:19, success
2026-01-12 11:42, success
2026-01-12 12:43, success
2026-01-12 13:41, success
2026-01-12 14:24, success
2026-01-12 14:54, success
2026-01-12 15:23, success
2026-01-12 15:49, success
2026-01-12 16:25, success
2026-01-12 16:53, success
2026-01-12 17:22, success
2026-01-12 17:45, success
2026-01-12 18:31, success
2026-01-12 19:20, success
2026-01-12 19:41, success
2026-01-12 20:23, success
2026-01-12 20:46, success
2026-01-12 21:19, success
2026-01-12 21:42, success
2026-01-12 22:18, success
2026-01-12 22:43, success
2026-01-12 23:16, success
2026-01-12 23:39, success
2026-01-13 01:26, success
2026-01-13 03:14, success
2026-01-13 04:24, success
2026-01-13 04:58, success
2026-01-13 05:30, success
2026-01-13 05:50, success
2026-01-13 06:32, success
2026-01-13 07:24, success
2026-01-13 07:45, success
2026-01-13 08:29, success
2026-01-13 08:57, success
2026-01-13 09:32, success
2026-01-13 10:22, success
2026-01-13 10:50, success
2026-01-13 11:19, success
2026-01-13 11:42, success
2026-01-13 12:43, success
2026-01-13 13:40, success
2026-01-13 14:24, success
2026-01-13 14:52, success
2026-01-13 15:23, success
2026-01-13 15:50, success
2026-01-13 16:30, success
2026-01-13 17:00, success
2026-01-13 17:35, success
2026-01-13 18:29, success
2026-01-13 18:56, success
2026-01-13 19:21, success
2026-01-13 19:39, success
2026-01-13 20:23, success
2026-01-13 20:47, success
2026-01-13 21:19, success
2026-01-13 21:43, success
2026-01-13 22:20, success
2026-01-13 22:46, success
2026-01-13 23:18, success
2026-01-13 23:40, success
2026-01-14 01:43, success
2026-01-14 03:46, success
2026-01-14 04:45, success
2026-01-14 05:22, success
2026-01-14 05:49, success
2026-01-14 06:32, success
2026-01-14 07:24, success
2026-01-14 07:45, success
2026-01-14 08:57, success
2026-01-14 09:32, success
2026-01-14 10:23, success
2026-01-14 10:51, success
2026-01-14 11:20, success
2026-01-14 11:43, success
2026-01-14 12:42, success
2026-01-14 13:39, success
2026-01-14 14:24, success
2026-01-14 14:52, success
2026-01-14 15:25, success
2026-01-14 15:46, success
2026-01-14 16:28, success
2026-01-14 16:58, success
2026-01-14 17:31, success
2026-01-14 18:31, success
2026-01-14 19:18, success
2026-01-14 19:40, success
2026-01-14 20:20, success
2026-01-14 20:44, success
2026-01-14 21:20, success
2026-01-14 21:44, success
2026-01-14 22:21, success
2026-01-14 22:47, success
2026-01-14 23:17, success
2026-01-14 23:39, success
2026-01-15 01:28, success
2026-01-15 03:19, success
2026-01-15 04:26, success
2026-01-15 04:58, success
2026-01-15 05:32, success
2026-01-15 06:32, success
2026-01-15 07:24, success
2026-01-15 07:46, success
2026-01-15 08:29, success
2026-01-15 08:56, success
2026-01-15 09:29, success
2026-01-15 09:51, success
2026-01-15 10:23, success
2026-01-15 10:50, success
2026-01-15 11:19, success
2026-01-15 11:42, success
2026-01-15 12:42, success
2026-01-15 13:38, success
<<<<<<< Updated upstream
2026-01-15 14:52, success
=======
2026-01-15 14:56, success
>>>>>>> Stashed changes
2026-01-15 15:24, success
2026-01-15 15:54, success
2026-01-15 16:33, success
2026-01-15 17:30, success
2026-01-15 17:59, success
2026-01-15 19:00, success
2026-01-15 19:23, success
2026-01-15 19:45, success
2026-01-15 20:23, success
2026-01-15 20:48, success
2026-01-15 21:20, success
2026-01-15 21:43, success
2026-01-15 22:20, success
2026-01-15 22:46, success
2026-01-15 23:19, success
2026-01-15 23:42, success
2026-01-16 01:40, success
2026-01-16 03:28, success
2026-01-16 04:26, success
2026-01-16 04:57, success
2026-01-16 05:29, success
2026-01-16 05:50, success
2026-01-16 06:32, success
2026-01-16 07:23, success
2026-01-16 07:44, success
2026-01-16 08:28, success
2026-01-16 08:55, success
2026-01-16 09:25, success
2026-01-16 09:48, success
2026-01-16 10:22, success
2026-01-16 10:49, success
2026-01-16 11:18, success
2026-01-16 11:42, success
2026-01-16 19:19, success
2026-01-16 19:38, success
2026-01-16 20:20, success
2026-01-16 20:43, success
2026-01-16 21:20, success
2026-01-16 21:42, success
2026-01-16 22:20, success
2026-01-16 22:45, success
2026-01-16 23:19, success
2026-01-16 23:42, success
2026-01-17 01:26, success
2026-01-17 03:08, success
2026-01-17 04:07, success
2026-01-17 04:51, success
2026-01-17 05:19, success
2026-01-17 05:43, success
2026-01-17 06:28, success
2026-01-17 06:54, success
2026-01-17 07:18, success
2026-01-17 07:39, success
2026-01-17 08:24, success
2026-01-17 08:48, success
2026-01-17 09:19, success
2026-01-17 09:41, success
2026-01-17 10:19, success
2026-01-17 10:44, success
2026-01-17 11:16, success
2026-01-17 11:38, success
2026-01-17 12:37, success
2026-01-17 13:28, success
2026-01-17 13:47, success
2026-01-17 14:17, success
2026-01-17 14:42, success
2026-01-17 15:18, success
2026-01-17 15:41, success
2026-01-17 16:21, success
2026-01-17 16:45, success
2026-01-17 17:16, success
2026-01-17 17:40, success
2026-01-17 18:27, success
2026-01-17 18:50, success
2026-01-17 19:14, success
2026-01-17 19:37, success
2026-01-17 20:21, success
2026-01-17 20:42, success
2026-01-17 21:17, success
2026-01-17 21:39, success
2026-01-17 22:18, success
2026-01-17 22:43, success
2026-01-17 23:18, success
2026-01-17 23:40, success
2026-01-18 01:46, success
2026-01-18 03:44, success
2026-01-18 04:40, success
2026-01-18 05:22, success
2026-01-18 05:46, success
2026-01-18 06:29, success
2026-01-18 06:55, success
2026-01-18 07:19, success
2026-01-18 07:40, success
2026-01-18 08:25, success
2026-01-18 08:48, success
2026-01-18 09:19, success
2026-01-18 09:41, success
2026-01-18 10:19, success
2026-01-18 10:44, success
2026-01-18 11:15, success
2026-01-18 11:37, success
2026-01-18 12:37, success
2026-01-18 13:28, success
2026-01-18 13:47, success
2026-01-18 14:17, success
2026-01-18 14:42, success
2026-01-18 15:18, success
2026-01-18 15:40, success
2026-01-18 16:23, success
2026-01-18 16:47, success
2026-01-18 17:16, success
2026-01-18 17:41, success
2026-01-18 18:26, success
2026-01-18 18:50, success
2026-01-18 19:14, success
2026-01-18 19:37, success
2026-01-18 20:21, success
2026-01-18 20:43, success
2026-01-18 21:17, success
2026-01-18 21:39, success
2026-01-18 22:18, success
2026-01-18 22:43, success
2026-01-18 23:18, success
2026-01-18 23:40, success
2026-01-19 01:44, success
2026-01-19 03:49, success
2026-01-19 04:51, success
2026-01-19 05:30, success
2026-01-19 05:57, success
2026-01-19 06:41, success
2026-01-19 07:28, success
2026-01-19 07:50, success
2026-01-19 08:31, success
2026-01-19 09:33, success
2026-01-19 10:27, success
2026-01-19 10:55, success
2026-01-19 11:20, success
2026-01-19 11:44, success
2026-01-19 12:46, success
2026-01-19 13:44, success
2026-01-19 14:26, success
2026-01-19 14:53, success
2026-01-19 15:25, success
2026-01-19 16:28, success
2026-01-19 16:56, success
2026-01-19 17:24, success
2026-01-19 17:47, success
2026-01-19 18:30, success
2026-01-19 18:57, success
2026-01-19 19:22, success
2026-01-19 19:40, success
2026-01-19 20:22, success
2026-01-19 20:45, success
2026-01-19 21:18, success
2026-01-19 21:42, success
2026-01-19 22:20, success
2026-01-19 22:45, success
2026-01-19 23:19, success
2026-01-19 23:42, success
2026-01-20 01:39, success
2026-01-20 03:42, success
2026-01-20 04:43, success
2026-01-20 05:27, success
2026-01-20 05:53, success
2026-01-20 06:34, success
2026-01-20 07:26, success
2026-01-20 07:49, success
2026-01-20 08:30, success
2026-01-20 09:01, success
2026-01-20 09:54, success
2026-01-20 10:26, success
2026-01-20 10:54, success
2026-01-20 11:22, success
2026-01-20 11:45, success
2026-01-20 12:46, success
2026-01-20 13:45, success
2026-01-20 14:29, success
2026-01-20 14:59, success
2026-01-20 15:39, success
2026-01-20 16:33, success
2026-01-20 17:28, success
2026-01-20 17:55, success
2026-01-20 18:34, success
2026-01-20 20:11, success
2026-01-20 20:54, success
2026-01-20 21:20, success
2026-01-20 21:43, success
2026-01-20 22:21, success
2026-01-20 22:44, success
2026-01-20 23:21, success
2026-01-20 23:44, success
2026-01-21 01:43, success
2026-01-21 03:42, success
2026-01-21 04:42, success
2026-01-21 05:27, success
2026-01-21 05:53, success
2026-01-21 06:35, success
2026-01-21 07:27, success
2026-01-21 07:50, success
2026-01-21 08:30, success
2026-01-21 08:59, success
2026-01-21 09:40, success
2026-01-21 10:27, success
2026-01-21 10:56, success
2026-01-21 11:24, success
2026-01-21 11:46, success
2026-01-21 12:46, success
2026-01-21 13:44, success
2026-01-21 14:29, success
2026-01-21 14:59, success
2026-01-21 15:40, success
2026-01-21 16:43, success
2026-01-21 17:53, success
2026-01-21 18:40, success
2026-01-21 19:26, success
2026-01-21 19:50, success
2026-01-21 20:29, success
2026-01-21 20:58, success
2026-01-21 21:31, success
2026-01-21 22:23, success
2026-01-21 22:52, success
2026-01-21 23:24, success
2026-01-21 23:47, success
2026-01-22 01:42, success
2026-01-22 04:46, success
2026-01-22 05:27, success
2026-01-22 05:52, success
2026-01-22 06:33, success
2026-01-22 07:26, success
2026-01-22 07:49, success
2026-01-22 08:30, success
2026-01-22 09:01, success
2026-01-22 09:54, success
2026-01-22 10:26, success
2026-01-22 10:54, success
2026-01-22 11:22, success
2026-01-22 11:44, success
2026-01-22 12:45, success
2026-01-22 13:45, success
2026-01-22 14:29, success
2026-01-22 14:58, success
2026-01-22 15:36, success
2026-01-22 16:34, success
2026-01-22 17:27, success
2026-01-22 17:54, success
2026-01-22 18:30, success
2026-01-22 19:01, success
2026-01-22 19:45, success
2026-01-22 20:25, success
2026-01-22 20:50, success
2026-01-22 21:21, success
2026-01-22 21:46, success
2026-01-22 22:21, success
2026-01-22 22:48, success
2026-01-22 23:20, success
2026-01-22 23:43, success
2026-01-23 01:40, success
2026-01-23 03:41, success
2026-01-23 04:41, success
2026-01-23 05:26, success
2026-01-23 05:50, success
2026-01-23 06:33, success
2026-01-23 07:24, success
2026-01-23 07:46, success
2026-01-23 08:28, success
2026-01-23 08:56, success
2026-01-23 09:31, success
2026-01-23 10:23, success
2026-01-23 10:51, success
2026-01-23 11:19, success
2026-01-23 11:43, success
2026-01-23 12:43, success
2026-01-23 13:41, success
2026-01-23 14:24, success
2026-01-23 14:52, success
2026-01-23 15:24, success
2026-01-23 15:49, success
2026-01-23 16:28, success
2026-01-23 16:58, success
2026-01-23 17:29, success
2026-01-23 17:49, success
2026-01-23 18:31, success
2026-01-23 19:23, success
2026-01-23 19:41, success
2026-01-23 20:24, success
2026-01-23 20:48, success
2026-01-23 21:20, success
2026-01-23 21:43, success
2026-01-23 22:17, success
2026-01-23 22:44, success
2026-01-23 23:20, success
2026-01-23 23:43, success
2026-01-24 01:28, success
2026-01-24 03:13, success
2026-01-24 04:11, success
2026-01-24 04:54, success
2026-01-24 05:20, success
2026-01-24 05:44, success
2026-01-24 06:29, success
2026-01-24 06:56, success
2026-01-24 07:19, success
2026-01-24 07:40, success
2026-01-24 08:25, success
2026-01-24 08:49, success
2026-01-24 09:19, success
2026-01-24 09:41, success
2026-01-24 10:20, success
2026-01-24 10:45, success
2026-01-24 11:17, success
2026-01-24 11:38, success
2026-01-24 12:38, success
2026-01-24 13:29, success
2026-01-24 13:49, success
2026-01-24 14:18, success
2026-01-24 14:43, success
2026-01-24 15:19, success
2026-01-24 15:41, success
2026-01-24 16:22, success
2026-01-24 16:48, success
2026-01-24 17:16, success
2026-01-24 17:41, success
2026-01-24 18:28, success
2026-01-24 18:53, success
2026-01-24 19:16, success
2026-01-24 19:37, success
2026-01-24 20:20, success
2026-01-24 20:42, success
2026-01-24 21:17, success
2026-01-24 21:39, success
2026-01-24 22:18, success
2026-01-24 22:43, success
2026-01-24 23:18, success
2026-01-24 23:40, success
2026-01-25 01:49, success
2026-01-25 04:51, success
2026-01-25 05:27, success
2026-01-25 05:51, success
2026-01-25 06:30, success
2026-01-25 06:57, success
2026-01-25 07:24, success
2026-01-25 07:41, success
2026-01-25 08:26, success
2026-01-25 08:50, success
2026-01-25 09:20, success
2026-01-25 09:43, success
2026-01-25 10:20, success
2026-01-25 10:46, success
2026-01-25 11:17, success
2026-01-25 11:39, success
2026-01-25 12:39, success
2026-01-25 13:31, success
2026-01-25 14:18, success
2026-01-25 14:43, success
2026-01-25 15:19, success
2026-01-25 15:41, success
2026-01-25 16:24, success
2026-01-25 16:49, success
2026-01-25 17:17, success
2026-01-25 17:42, success
2026-01-25 18:28, success
2026-01-25 18:53, success
2026-01-25 19:16, success
2026-01-25 19:38, success
2026-01-25 20:22, success
2026-01-25 20:45, success
2026-01-25 21:18, success
2026-01-25 21:40, success
2026-01-25 22:19, success
2026-01-25 22:45, success
2026-01-25 23:19, success
2026-01-25 23:41, success
2026-01-26 01:48, success
2026-01-26 03:56, success
2026-01-26 04:55, success
2026-01-26 05:32, success
2026-01-26 06:35, success
2026-01-26 07:26, success
2026-01-26 07:48, success
2026-01-26 08:31, success
2026-01-26 09:33, success
2026-01-26 10:25, success
2026-01-26 10:52, success
2026-01-26 11:20, success
2026-01-26 11:42, success
2026-01-26 12:44, success
2026-01-26 13:43, success
2026-01-26 14:56, success
2026-01-26 15:28, success
2026-01-26 15:54, success
2026-01-26 16:32, success
2026-01-26 17:28, success
2026-01-26 17:53, success
2026-01-26 18:33, success
2026-01-26 19:22, success
2026-01-26 19:44, success
2026-01-26 20:25, success
2026-01-26 20:50, success
2026-01-26 21:22, success
2026-01-26 21:46, success
2026-01-26 22:20, success
2026-01-26 22:47, success
2026-01-26 23:21, success
2026-01-26 23:45, success
2026-01-27 01:46, success
2026-01-27 03:46, success
2026-01-27 04:45, success
2026-01-27 05:25, success
2026-01-27 05:51, success
2026-01-27 06:33, success
2026-01-27 07:26, success
2026-01-27 07:49, success
2026-01-27 08:31, success
2026-01-27 09:31, success
2026-01-27 10:26, success
2026-01-27 10:55, success
2026-01-27 11:22, success
2026-01-27 11:45, success
2026-01-27 12:46, success
2026-01-27 13:45, success
2026-01-27 14:28, success
2026-01-27 14:59, success
2026-01-27 15:37, success
2026-01-27 16:29, success
2026-01-27 16:59, success
2026-01-27 17:36, success
2026-01-27 18:37, success
2026-01-27 19:25, success
2026-01-27 19:47, success
2026-01-27 20:21, success
2026-01-27 20:47, success
2026-01-27 21:17, success
2026-01-27 21:42, success
2026-01-27 22:21, success
2026-01-27 22:46, success
2026-01-27 23:20, success
2026-01-27 23:44, success
2026-01-30 18:40, success
2026-01-30 19:30, success
2026-01-30 20:28, success
2026-01-30 20:56, success
2026-01-30 21:28, success
2026-01-30 21:52, success
2026-01-30 22:23, success
2026-01-30 22:53, success
2026-01-30 23:24, success
2026-01-30 23:48, success
2026-01-31 01:50, success
2026-01-31 04:04, success
2026-01-31 05:14, success
2026-01-31 05:59, success
2026-01-31 06:51, success
2026-01-31 07:27, success
2026-01-31 07:49, success
2026-01-31 08:28, success
2026-01-31 08:56, success
2026-01-31 09:28, success
2026-01-31 09:51, success
2026-01-31 10:22, success
2026-01-31 10:50, success
2026-01-31 11:19, success
2026-01-31 11:43, success
2026-01-31 12:43, success
2026-01-31 13:40, success
2026-01-31 14:22, success
2026-01-31 14:49, success
2026-01-31 15:22, success
2026-01-31 15:46, success
2026-01-31 16:27, success
2026-01-31 16:54, success
2026-01-31 17:22, success
2026-01-31 17:48, success
2026-01-31 18:30, success
2026-01-31 18:58, success
2026-01-31 19:26, success
2026-01-31 19:42, success
2026-01-31 20:24, success
2026-01-31 20:48, success
2026-01-31 21:20, success
2026-01-31 21:44, success
2026-01-31 22:21, success
2026-01-31 22:48, success
2026-01-31 23:20, success
2026-01-31 23:45, success
2026-02-01 02:10, success
2026-02-01 05:59, success
2026-02-01 06:59, success
2026-02-01 07:40, success
2026-02-01 08:30, success
2026-02-01 09:00, success
2026-02-01 09:40, success
2026-02-01 10:24, success
2026-02-01 10:53, success
2026-02-01 11:20, success
2026-02-01 11:44, success
2026-02-01 12:45, success
2026-02-01 13:42, success
2026-02-01 14:24, success
2026-02-01 14:52, success
2026-02-01 15:23, success
2026-02-01 15:48, success
2026-02-01 16:27, success
2026-02-01 16:56, success
2026-02-01 17:24, success
2026-02-01 17:50, success
2026-02-01 18:32, success
2026-02-01 19:23, success
2026-02-01 19:44, success
2026-02-01 20:25, success
2026-02-01 20:50, success
2026-02-01 21:22, success
2026-02-01 21:46, success
2026-02-01 22:22, success
2026-02-01 22:51, success
2026-02-01 23:23, success
2026-02-01 23:48, success
2026-02-02 02:02, success
2026-02-02 04:35, success
2026-02-02 06:02, success
2026-02-02 07:33, success
2026-02-02 08:41, success
2026-02-02 09:46, success
2026-02-02 10:42, success
2026-02-02 11:34, success
2026-02-02 12:56, success
2026-02-02 14:03, success
2026-02-02 15:07, success
2026-02-02 15:58, success
2026-02-02 16:47, success
2026-02-02 17:36, success
2026-02-02 18:41, success
2026-02-02 23:27, success
2026-02-02 23:53, success
2026-02-03 02:00, success
2026-02-03 04:22, success
2026-02-03 06:49, success
2026-02-03 07:41, success
2026-02-03 08:34, success
2026-02-03 09:39, success
2026-02-03 10:38, success
2026-02-03 11:33, success
2026-02-03 12:56, success
2026-02-03 14:05, success
2026-02-03 15:10, success
2026-02-03 16:11, success
2026-02-03 17:28, success
2026-02-03 18:12, success
2026-02-03 19:26, success
2026-02-03 19:59, success
2026-02-03 20:48, success
2026-02-03 21:33, success
2026-02-03 22:28, success
2026-02-03 22:58, success
2026-02-03 23:34, success
2026-02-04 01:56, success
2026-02-04 04:10, success
2026-02-04 05:31, success
2026-02-04 06:50, success
2026-02-04 07:43, success
2026-02-04 08:38, success
2026-02-04 09:41, success
2026-02-04 10:36, success
2026-02-04 11:31, success
2026-02-04 12:56, success
2026-02-04 14:03, success
2026-02-04 15:07, success
2026-02-04 16:08, success
2026-02-04 17:14, success
2026-02-04 18:08, success
2026-02-04 19:13, success
2026-02-04 19:56, success
2026-02-04 20:35, success
2026-02-04 21:31, success
2026-02-04 22:26, success
2026-02-04 22:53, success
2026-02-04 23:26, success
2026-02-04 23:51, success
2026-02-05 01:57, success
2026-02-05 04:17, success
2026-02-05 05:36, success
2026-02-05 06:57, success
2026-02-05 07:50, success
2026-02-05 08:40, success
2026-02-05 09:42, success
2026-02-05 10:39, success
2026-02-05 11:34, success
2026-02-05 12:59, success
2026-02-05 14:08, success
2026-02-05 15:09, success
2026-02-05 16:06, success
2026-02-05 18:10, success
2026-02-05 19:13, success
2026-02-05 19:56, success
2026-02-05 20:35, success
2026-02-05 21:26, success
2026-02-05 21:53, success
2026-02-05 22:25, success
2026-02-05 22:55, success
2026-02-05 23:22, success
2026-02-05 23:48, success
2026-02-06 01:56, success
2026-02-06 04:15, success
2026-02-06 05:34, success
2026-02-06 06:53, success
2026-02-06 07:45, success
2026-02-06 08:39, success
2026-02-06 09:41, success
2026-02-06 10:38, success
2026-02-06 11:32, success
2026-02-06 12:56, success
2026-02-06 14:02, success
2026-02-06 15:07, success
2026-02-06 16:04, success
2026-02-06 17:11, success
2026-02-06 18:05, success
2026-02-06 19:13, success
2026-02-06 19:55, success
2026-02-06 20:32, success
2026-02-06 21:29, success
2026-02-06 21:53, success
2026-02-06 22:21, success
2026-02-06 22:50, success
2026-02-06 23:24, success
2026-02-06 23:49, success
2026-02-07 01:53, success
2026-02-07 04:07, success
2026-02-07 05:26, success
2026-02-07 06:03, success
2026-02-07 07:07, success
2026-02-07 07:51, success
2026-02-07 08:30, success
2026-02-07 08:59, success
2026-02-07 09:38, success
2026-02-07 10:24, success
2026-02-07 10:52, success
2026-02-07 11:21, success
2026-02-07 11:44, success
2026-02-07 12:44, success
2026-02-07 13:42, success
2026-02-07 14:25, success
2026-02-07 14:52, success
2026-02-07 15:23, success
2026-02-07 15:48, success
2026-02-07 16:28, success
2026-02-07 16:57, success
2026-02-07 17:28, success
2026-02-07 17:52, success
2026-02-07 18:33, success
2026-02-07 19:22, success
2026-02-07 19:45, success
2026-02-07 20:25, success
2026-02-07 20:52, success
2026-02-07 21:25, success
2026-02-07 21:50, success
2026-02-07 22:23, success
2026-02-07 22:54, success
2026-02-07 23:28, success
2026-02-07 23:57, success
2026-02-08 02:42, success
2026-02-08 05:02, success
2026-02-08 06:12, success
2026-02-08 07:12, success
2026-02-08 07:56, success
2026-02-08 08:31, success
2026-02-08 09:28, success
2026-02-08 09:55, success
2026-02-08 10:26, success
2026-02-08 10:55, success
2026-02-08 11:21, success
2026-02-08 11:46, success
2026-02-08 12:46, success
2026-02-08 13:43, success
2026-02-08 14:25, success
2026-02-08 14:54, success
2026-02-08 15:25, success
2026-02-08 15:50, success
2026-02-08 16:28, success
2026-02-08 16:58, success
2026-02-08 17:33, success
2026-02-08 18:34, success
2026-02-08 19:24, success
2026-02-08 19:45, success
2026-02-08 20:26, success
2026-02-08 20:52, success
2026-02-08 21:25, success
2026-02-08 21:50, success
2026-02-08 22:25, success
2026-02-08 22:56, success
